2018-05-08 20:20:09,529 INFO o.a.j.u.JMeterUtils: Setting Locale to uk_UA
2018-05-08 20:20:09,562 ERROR o.a.j.u.JMeterUtils: Could not find resources for 'uk_UA'
2018-05-08 20:20:09,563 INFO o.a.j.JMeter: Loading user properties from: user.properties
2018-05-08 20:20:09,564 INFO o.a.j.JMeter: Loading system properties from: system.properties
2018-05-08 20:20:09,573 INFO o.a.j.JMeter: Copyright (c) 1998-2018 The Apache Software Foundation
2018-05-08 20:20:09,573 INFO o.a.j.JMeter: Version 4.0 r1823414
2018-05-08 20:20:09,574 INFO o.a.j.JMeter: java.version=1.8.0_91
2018-05-08 20:20:09,574 INFO o.a.j.JMeter: java.vm.name=Java HotSpot(TM) 64-Bit Server VM
2018-05-08 20:20:09,574 INFO o.a.j.JMeter: os.name=Mac OS X
2018-05-08 20:20:09,575 INFO o.a.j.JMeter: os.arch=x86_64
2018-05-08 20:20:09,575 INFO o.a.j.JMeter: os.version=10.12.6
2018-05-08 20:20:09,575 INFO o.a.j.JMeter: file.encoding=UTF-8
2018-05-08 20:20:09,575 INFO o.a.j.JMeter: Max memory     =1908932608
2018-05-08 20:20:09,575 INFO o.a.j.JMeter: Available Processors =4
2018-05-08 20:20:09,582 INFO o.a.j.JMeter: Default Locale=українська (Україна)
2018-05-08 20:20:09,583 INFO o.a.j.JMeter: JMeter  Locale=українська (Україна)
2018-05-08 20:20:09,583 INFO o.a.j.JMeter: JMeterHome=/Users/arnsh/Documents/apache-jmeter-4.0
2018-05-08 20:20:09,583 INFO o.a.j.JMeter: user.dir  =/Users/arnsh/Documents/apache-jmeter-4.0/bin
2018-05-08 20:20:09,584 INFO o.a.j.JMeter: PWD       =/Users/arnsh/Documents/apache-jmeter-4.0/bin
2018-05-08 20:20:14,589 INFO o.a.j.JMeter: IP: 192.168.0.101 Name: MacBook-Pro-Anton.local FullName: 192.168.0.101
2018-05-08 20:20:17,128 INFO o.a.j.g.a.LookAndFeelCommand: Installing Darcula LAF
2018-05-08 20:20:17,201 INFO o.a.j.g.a.LookAndFeelCommand: Using look and feel: com.apple.laf.AquaLookAndFeel [Darcula]
2018-05-08 20:20:17,201 INFO o.a.j.JMeter: Setting LAF to: com.apple.laf.AquaLookAndFeel
2018-05-08 20:20:17,210 INFO o.a.j.JMeter: Loaded icon properties from org/apache/jmeter/images/icon.properties
2018-05-08 20:20:18,405 INFO o.a.j.e.u.CompoundVariable: Note: Function class names must contain the string: '.functions.'
2018-05-08 20:20:18,405 INFO o.a.j.e.u.CompoundVariable: Note: Function class names must not contain the string: '.gui.'
2018-05-08 20:20:21,614 WARN o.a.j.g.ObjectTableModel: Header count=13 but classes count=11
2018-05-08 20:20:21,616 WARN o.a.j.g.ObjectTableModel: Header count=13 but writeFunctor count=11
2018-05-08 20:20:22,659 INFO o.a.j.p.h.s.HTTPSamplerBase: Parser for text/html is org.apache.jmeter.protocol.http.parser.LagartoBasedHtmlParser
2018-05-08 20:20:22,659 INFO o.a.j.p.h.s.HTTPSamplerBase: Parser for application/xhtml+xml is org.apache.jmeter.protocol.http.parser.LagartoBasedHtmlParser
2018-05-08 20:20:22,660 INFO o.a.j.p.h.s.HTTPSamplerBase: Parser for application/xml is org.apache.jmeter.protocol.http.parser.LagartoBasedHtmlParser
2018-05-08 20:20:22,660 INFO o.a.j.p.h.s.HTTPSamplerBase: Parser for text/xml is org.apache.jmeter.protocol.http.parser.LagartoBasedHtmlParser
2018-05-08 20:20:22,660 INFO o.a.j.p.h.s.HTTPSamplerBase: Parser for text/vnd.wap.wml is org.apache.jmeter.protocol.http.parser.RegexpHTMLParser
2018-05-08 20:20:22,660 INFO o.a.j.p.h.s.HTTPSamplerBase: Parser for text/css is org.apache.jmeter.protocol.http.parser.CssParser
2018-05-08 20:20:23,122 INFO o.a.j.e.KeyToolUtils: keytool found at 'keytool'
2018-05-08 20:20:23,124 INFO o.a.j.p.h.p.ProxyControl: HTTP(S) Test Script Recorder SSL Proxy will use keys that support embedded 3rd party resources in file /Users/arnsh/Documents/apache-jmeter-4.0/bin/proxyserver.jks
2018-05-08 20:20:23,357 INFO o.a.j.s.FileServer: Default base='/Users/arnsh/Documents/apache-jmeter-4.0/bin'
2018-05-08 20:20:24,075 INFO o.a.j.s.SampleResult: Note: Sample TimeStamps are START times
2018-05-08 20:20:24,075 INFO o.a.j.s.SampleResult: sampleresult.default.encoding is set to ISO-8859-1
2018-05-08 20:20:24,079 INFO o.a.j.s.SampleResult: sampleresult.useNanoTime=true
2018-05-08 20:20:24,079 INFO o.a.j.s.SampleResult: sampleresult.nanoThreadSleep=5000
2018-05-08 20:20:37,077 INFO o.j.r.PluginManager: Plugins Status: [jpgc-graphs-basic=2.0, jpgc-graphs-additional=2.0, jpgc-autostop=0.1, jpgc-graphs-composite=2.0, jpgc-csl=0.1, jpgc-functions=2.1, jpgc-casutg=2.5, jpgc-dummy=0.2, jpgc-filterresults=2.1, jpgc-ffw=2.0, jpgc-fifo=0.2, jpgc-perfmon=2.1, jpgc-plugins-manager=0.20, jpgc-synthesis=2.1, jpgc-tst=2.4, jmeter-core=4.0, jmeter-ftp=4.0, jmeter-http=4.0, jmeter-jdbc=4.0, jmeter-jms=4.0, jmeter-junit=4.0, jmeter-java=4.0, jmeter-ldap=4.0, jmeter-mail=4.0, jmeter-mongodb=4.0, jmeter-native=4.0, jmeter-tcp=4.0, jmeter-components=4.0, jpgc-standard=2.0]
